1779995306511:ba
1779995308859:ab
1779995321717:stacktrace
1779995690508:ab
1779995698980:ag
1779995843043:aa
1779996314074:ag
1779996317535:ab
1779996320434:ac
1779996328566:acbb 1
1779996336653:help
1779996351607:acb 1
1779996445362:aa
1780035022087:фф
1780035024962:aa
1780035032995:stacktrace
1780035178342:aa
1780035210388:stacktrace
1780035264261:aa
1780035300205:stacktrace
1780035321761:aa
1780035369226:stacktrace
1780035451403:aa
1780035548698:ag
1780078062178:help
1780078070690:ab
1780078115408:stacktrace
1780078146574:ab
1780078473055:aa
1780078475431:ag
1780078485150:acb 1
1780079595150:ab
1780079608995:stacktrace
1780079693225:ab
1780079732013:stacktrace
1780079779592:ab
1780079803299:acb 1
1780079813333:stacktrace
1780079886006:acb 1
1780081353994:stacktrace
1780250840367:acb 1
1780251631154:ab
1780251653870:cbid 1
1780251875500:stacktrace
1780251946476:ac 1
1780251965368:cbid
1780251971095:cbid 1
1780294781713:bbid 1
1780338678665:cbid 1
1780338683798:stacktrace
1780338787866:cbid 1
1780338792708:stacktrace
1780339881620:cbid 1
1780339900682:acb 1
1780339915858:help
1780339933914:cins привет 1
1780339947542:acb 1
1780339956347:ag
1780339958552:aa
1780339960574:ab
1781456263936:AB
1781456266182:ab
1781456275257:stacktrace
1781456608257:ab
1781456619158:bbid 1
1781456753710:ab
1781456759731:bbid 1
1781456809462:aa
1782153369282:ag
1782153396318:ab
1782153400816:acb 1
1782154612074:bb 1
1782154619257:bbid 1
1782154835959:stacktrace
1782154871039:bbid 1
1782154967807:ab
1782154974066:bbid 1
1782154998074:cb 1
1782155001507:ab 1
1782155020751:bbid 1
1782155027115:cbb 1
1782155032726:acb 1
1782155078466:cbid 1
1782155182604:ab
1782155186247:bbid 1
1782320741319:ab
1782321357007:aa
1782321447874:stacktrace
1782322009706:aa
1782322017044:stacktrace
1782322112201:aa
1782322128637:ab
1782322731547:aa
1782322740397:ag
1782322984804:aa
1782325832806:ag
1782326036351:ab
1782326158685:acb 1
1782326181565:acb 2
1782326192205:cb 1
1782326210827:cbid 1
1782326235964:acb 1
1782650336050:ab
1782650373275:help
1782650376635:ag
1782650432604:stacktrace
1782650581249:ag
1782650888121:aa
1782651396452:ag
1782651763533:aa
1782651769447:stacktrace
1782651813638:aa
1782651816105:ag
1782651821276:help
1782651872093:bins Book_4 1 1
1782651878287:ab
1782651893015:bins Book_4 1 1
1782651897581:ab
1782651927993:bdel0
1782651932158:bdel 0
1782651936895:ab
1782653576928:bby 1
1782653583481:help
1782653608495:bid 1
1782653617978:bbid 1
1782654962238:acb 1
1782654969529:stacktrace
1782654999889:ab
1782655014326:acb 6a412811157abe1cf69cb8c2
1782657172893:ab
1782657180886:acb 6a41308f3181912ad27a8129
1782657189720:db 6a41308f3181912ad27a8129
1782657204553:bdel 6a41308f3181912ad27a8129
1782657212601:acb 6a41308f3181912ad27a8129
1782659945168:ab
1782885402347:фси 1
1782885405294:acb 1
1782885411150:stacktrace
1782885474204:acb 1
1782885479966:stacktrace
1782885503221:ab
1782885513204:acb 6a44ac79378e7f0bc5d6309a
1782887082197:aa
1782887341427:ab
1782887372371:bupd 6a44b38f95922e9cd0176601 Book_n
1782887378167:stacktrace
1782887396912:bupd 6a44b38f95922e9cd0176601 Book_n 1 1
1782887400782:stacktrace
1782887470948:bupd 6a44b38f95922e9cd0176601 Book_n 6a44b38f95922e9cd01765fb 6a44b38f95922e9cd01765fe
1782887480119:ab
1782887562301:bupd 6a44b470b4173f13d417f7fc Book_n 6a44b470b4173f13d417f7f6 6a44b470b4173f13d417f7f9
1782887567686:ab
