1779995306511:ba
1779995308859:ab
1779995321717:stacktrace
1779995690508:ab
1779995698980:ag
1779995843043:aa
1779996314074:ag
1779996317535:ab
1779996320434:ac
1779996328566:acbb 1
1779996336653:help
1779996351607:acb 1
1779996445362:aa
1780035022087:фф
1780035024962:aa
1780035032995:stacktrace
1780035178342:aa
1780035210388:stacktrace
1780035264261:aa
1780035300205:stacktrace
1780035321761:aa
1780035369226:stacktrace
1780035451403:aa
1780035548698:ag
1780078062178:help
1780078070690:ab
1780078115408:stacktrace
1780078146574:ab
1780078473055:aa
1780078475431:ag
1780078485150:acb 1
1780079595150:ab
1780079608995:stacktrace
1780079693225:ab
1780079732013:stacktrace
1780079779592:ab
1780079803299:acb 1
1780079813333:stacktrace
1780079886006:acb 1
1780081353994:stacktrace
1780250840367:acb 1
1780251631154:ab
1780251653870:cbid 1
1780251875500:stacktrace
1780251946476:ac 1
1780251965368:cbid
1780251971095:cbid 1
1780294781713:bbid 1
1780338678665:cbid 1
1780338683798:stacktrace
1780338787866:cbid 1
1780338792708:stacktrace
1780339881620:cbid 1
1780339900682:acb 1
1780339915858:help
1780339933914:cins привет 1
1780339947542:acb 1
1780339956347:ag
1780339958552:aa
1780339960574:ab
1781456263936:AB
1781456266182:ab
1781456275257:stacktrace
1781456608257:ab
1781456619158:bbid 1
1781456753710:ab
1781456759731:bbid 1
1781456809462:aa
1782153369282:ag
1782153396318:ab
1782153400816:acb 1
1782154612074:bb 1
1782154619257:bbid 1
1782154835959:stacktrace
1782154871039:bbid 1
1782154967807:ab
1782154974066:bbid 1
1782154998074:cb 1
1782155001507:ab 1
1782155020751:bbid 1
1782155027115:cbb 1
1782155032726:acb 1
1782155078466:cbid 1
1782155182604:ab
1782155186247:bbid 1
